<?xml version="1.0" encoding="UTF-8"?>
<coverage generated="1778204923502" clover="3.2.0">
  <project timestamp="1778204923502" name="All files">
    <metrics statements="166" coveredstatements="149" conditionals="131" coveredconditionals="100" methods="51" coveredmethods="46" elements="348" coveredelements="295" complexity="0" loc="166" ncloc="166" packages="1" files="1" classes="1"/>
    <file name="smartGymCore.mjs" path="C:\Users\03hoc\OneDrive\Documents\Desktop\SER-350\ser-330\Final-Project\src\smartGymCore.mjs">
      <metrics statements="166" coveredstatements="149" conditionals="131" coveredconditionals="100" methods="51" coveredmethods="46"/>
      <line num="1" count="1" type="stmt"/>
      <line num="2" count="1" type="stmt"/>
      <line num="4" count="0" type="cond" truecount="0" falsecount="1"/>
      <line num="5" count="13" type="stmt"/>
      <line num="19" count="13" type="stmt"/>
      <line num="20" count="13" type="stmt"/>
      <line num="25" count="13" type="stmt"/>
      <line num="60" count="13" type="stmt"/>
      <line num="63" count="13" type="stmt"/>
      <line num="68" count="13" type="stmt"/>
      <line num="69" count="13" type="stmt"/>
      <line num="70" count="13" type="stmt"/>
      <line num="71" count="13" type="stmt"/>
      <line num="72" count="13" type="stmt"/>
      <line num="73" count="13" type="stmt"/>
      <line num="74" count="13" type="stmt"/>
      <line num="77" count="13" type="cond" truecount="2" falsecount="0"/>
      <line num="78" count="57" type="stmt"/>
      <line num="79" count="13" type="stmt"/>
      <line num="80" count="21" type="stmt"/>
      <line num="81" count="21" type="cond" truecount="1" falsecount="1"/>
      <line num="82" count="21" type="stmt"/>
      <line num="84" count="13" type="stmt"/>
      <line num="85" count="9" type="stmt"/>
      <line num="86" count="9" type="cond" truecount="2" falsecount="0"/>
      <line num="87" count="7" type="stmt"/>
      <line num="89" count="13" type="stmt"/>
      <line num="90" count="11" type="stmt"/>
      <line num="91" count="11" type="cond" truecount="1" falsecount="1"/>
      <line num="92" count="11" type="stmt"/>
      <line num="94" count="13" type="stmt"/>
      <line num="95" count="19" type="stmt"/>
      <line num="96" count="12" type="cond" truecount="1" falsecount="1"/>
      <line num="97" count="12" type="stmt"/>
      <line num="99" count="38" type="cond" truecount="2" falsecount="0"/>
      <line num="100" count="13" type="stmt"/>
      <line num="101" count="12" type="cond" truecount="3" falsecount="0"/>
      <line num="102" count="13" type="stmt"/>
      <line num="103" count="13" type="cond" truecount="1" falsecount="0"/>
      <line num="104" count="3" type="stmt"/>
      <line num="105" count="8" type="cond" truecount="5" falsecount="0"/>
      <line num="106" count="1" type="stmt"/>
      <line num="107" count="1" type="stmt"/>
      <line num="108" count="1" type="stmt"/>
      <line num="109" count="1" type="stmt"/>
      <line num="110" count="1" type="cond" truecount="2" falsecount="0"/>
      <line num="114" count="18" type="stmt"/>
      <line num="115" count="18" type="stmt"/>
      <line num="116" count="18" type="stmt"/>
      <line num="120" count="5" type="cond" truecount="1" falsecount="1"/>
      <line num="121" count="5" type="cond" truecount="1" falsecount="1"/>
      <line num="122" count="5" type="cond" truecount="1" falsecount="1"/>
      <line num="123" count="5" type="stmt"/>
      <line num="124" count="5" type="cond" truecount="1" falsecount="1"/>
      <line num="125" count="5" type="stmt"/>
      <line num="126" count="5" type="cond" truecount="5" falsecount="1"/>
      <line num="127" count="5" type="cond" truecount="5" falsecount="0"/>
      <line num="128" count="3" type="cond" truecount="4" falsecount="1"/>
      <line num="129" count="3" type="cond" truecount="1" falsecount="1"/>
      <line num="130" count="3" type="stmt"/>
      <line num="134" count="15" type="stmt"/>
      <line num="135" count="15" type="stmt"/>
      <line num="136" count="15" type="stmt"/>
      <line num="146" count="8" type="stmt"/>
      <line num="155" count="8" type="stmt"/>
      <line num="156" count="8" type="stmt"/>
      <line num="160" count="5" type="cond" truecount="1" falsecount="1"/>
      <line num="161" count="5" type="cond" truecount="4" falsecount="1"/>
      <line num="162" count="5" type="cond" truecount="1" falsecount="1"/>
      <line num="163" count="5" type="cond" truecount="2" falsecount="0"/>
      <line num="164" count="13" type="cond" truecount="2" falsecount="0"/>
      <line num="165" count="3" type="stmt"/>
      <line num="166" count="3" type="stmt"/>
      <line num="167" count="3" type="stmt"/>
      <line num="171" count="6" type="cond" truecount="1" falsecount="1"/>
      <line num="172" count="6" type="stmt"/>
      <line num="173" count="6" type="cond" truecount="4" falsecount="0"/>
      <line num="174" count="15" type="cond" truecount="2" falsecount="0"/>
      <line num="175" count="5" type="cond" truecount="1" falsecount="1"/>
      <line num="176" count="5" type="cond" truecount="2" falsecount="0"/>
      <line num="177" count="5" type="cond" truecount="2" falsecount="0"/>
      <line num="178" count="5" type="stmt"/>
      <line num="179" count="5" type="cond" truecount="4" falsecount="0"/>
      <line num="181" count="0" type="stmt"/>
      <line num="182" count="0" type="stmt"/>
      <line num="183" count="0" type="stmt"/>
      <line num="184" count="0" type="stmt"/>
      <line num="188" count="0" type="stmt"/>
      <line num="189" count="0" type="stmt"/>
      <line num="193" count="2" type="stmt"/>
      <line num="194" count="6" type="stmt"/>
      <line num="195" count="4" type="stmt"/>
      <line num="200" count="6" type="stmt"/>
      <line num="201" count="5" type="stmt"/>
      <line num="202" count="3" type="cond" truecount="2" falsecount="0"/>
      <line num="203" count="2" type="stmt"/>
      <line num="204" count="2" type="stmt"/>
      <line num="205" count="2" type="stmt"/>
      <line num="209" count="0" type="stmt"/>
      <line num="210" count="0" type="stmt"/>
      <line num="211" count="0" type="stmt"/>
      <line num="212" count="0" type="cond" truecount="0" falsecount="2"/>
      <line num="213" count="0" type="stmt"/>
      <line num="214" count="0" type="stmt"/>
      <line num="218" count="6" type="stmt"/>
      <line num="219" count="6" type="stmt"/>
      <line num="220" count="6" type="cond" truecount="1" falsecount="1"/>
      <line num="221" count="6" type="cond" truecount="2" falsecount="0"/>
      <line num="222" count="5" type="cond" truecount="1" falsecount="1"/>
      <line num="223" count="5" type="cond" truecount="2" falsecount="0"/>
      <line num="224" count="2" type="stmt"/>
      <line num="226" count="3" type="stmt"/>
      <line num="227" count="3" type="stmt"/>
      <line num="228" count="3" type="stmt"/>
      <line num="229" count="3" type="stmt"/>
      <line num="233" count="2" type="stmt"/>
      <line num="234" count="2" type="stmt"/>
      <line num="235" count="2" type="cond" truecount="1" falsecount="1"/>
      <line num="236" count="2" type="cond" truecount="1" falsecount="1"/>
      <line num="237" count="2" type="cond" truecount="2" falsecount="0"/>
      <line num="238" count="1" type="cond" truecount="1" falsecount="1"/>
      <line num="239" count="1" type="stmt"/>
      <line num="240" count="1" type="stmt"/>
      <line num="241" count="1" type="stmt"/>
      <line num="245" count="2" type="stmt"/>
      <line num="246" count="2" type="cond" truecount="3" falsecount="0"/>
      <line num="247" count="2" type="cond" truecount="1" falsecount="1"/>
      <line num="248" count="2" type="stmt"/>
      <line num="249" count="2" type="cond" truecount="2" falsecount="0"/>
      <line num="250" count="1" type="stmt"/>
      <line num="251" count="1" type="stmt"/>
      <line num="252" count="1" type="stmt"/>
      <line num="253" count="1" type="stmt"/>
      <line num="257" count="1" type="cond" truecount="3" falsecount="1"/>
      <line num="258" count="1" type="stmt"/>
      <line num="259" count="1" type="stmt"/>
      <line num="260" count="1" type="stmt"/>
      <line num="261" count="1" type="stmt"/>
      <line num="262" count="1" type="stmt"/>
      <line num="266" count="1" type="stmt"/>
      <line num="267" count="1" type="stmt"/>
      <line num="268" count="1" type="cond" truecount="1" falsecount="1"/>
      <line num="269" count="1" type="stmt"/>
      <line num="270" count="1" type="stmt"/>
      <line num="271" count="1" type="stmt"/>
      <line num="272" count="2" type="stmt"/>
      <line num="279" count="1" type="stmt"/>
      <line num="283" count="1" type="stmt"/>
      <line num="284" count="1" type="stmt"/>
      <line num="285" count="2" type="stmt"/>
      <line num="286" count="1" type="stmt"/>
      <line num="287" count="0" type="stmt"/>
      <line num="291" count="2" type="stmt"/>
      <line num="292" count="1" type="cond" truecount="1" falsecount="1"/>
      <line num="293" count="1" type="stmt"/>
      <line num="294" count="9" type="stmt"/>
      <line num="295" count="3" type="stmt"/>
      <line num="300" count="3" type="stmt"/>
      <line num="302" count="3" type="stmt"/>
      <line num="306" count="1" type="stmt"/>
      <line num="307" count="2" type="cond" truecount="2" falsecount="0"/>
      <line num="311" count="0" type="stmt"/>
      <line num="312" count="0" type="cond" truecount="0" falsecount="2"/>
      <line num="313" count="0" type="stmt"/>
      <line num="316" count="13" type="stmt"/>
      <line num="318" count="13" type="stmt"/>
    </file>
  </project>
</coverage>
