{"C:\\Users\\03hoc\\OneDrive\\Documents\\Desktop\\SER-350\\ser-330\\Final-Project\\src\\smartGymCore.mjs": {"path":"C:\\Users\\03hoc\\OneDrive\\Documents\\Desktop\\SER-350\\ser-330\\Final-Project\\src\\smartGymCore.mjs","statementMap":{"0":{"start":{"line":1,"column":13},"end":{"line":1,"column":27}},"1":{"start":{"line":2,"column":26},"end":{"line":2,"column":40}},"2":{"start":{"line":4,"column":48},"end":{"line":4,"column":58}},"3":{"start":{"line":5,"column":16},"end":{"line":17,"column":3}},"4":{"start":{"line":19,"column":15},"end":{"line":75,"column":3}},"5":{"start":{"line":20,"column":4},"end":{"line":24,"column":6}},"6":{"start":{"line":25,"column":4},"end":{"line":59,"column":6}},"7":{"start":{"line":60,"column":4},"end":{"line":62,"column":6}},"8":{"start":{"line":63,"column":4},"end":{"line":67,"column":6}},"9":{"start":{"line":68,"column":4},"end":{"line":68,"column":29}},"10":{"start":{"line":69,"column":4},"end":{"line":69,"column":31}},"11":{"start":{"line":70,"column":4},"end":{"line":70,"column":36}},"12":{"start":{"line":71,"column":4},"end":{"line":71,"column":25}},"13":{"start":{"line":72,"column":4},"end":{"line":72,"column":26}},"14":{"start":{"line":73,"column":4},"end":{"line":73,"column":28}},"15":{"start":{"line":74,"column":4},"end":{"line":74,"column":33}},"16":{"start":{"line":77,"column":21},"end":{"line":77,"column":109}},"17":{"start":{"line":77,"column":31},"end":{"line":77,"column":109}},"18":{"start":{"line":78,"column":19},"end":{"line":78,"column":69}},"19":{"start":{"line":78,"column":27},"end":{"line":78,"column":69}},"20":{"start":{"line":78,"column":54},"end":{"line":78,"column":68}},"21":{"start":{"line":79,"column":22},"end":{"line":83,"column":3}},"22":{"start":{"line":80,"column":17},"end":{"line":80,"column":33}},"23":{"start":{"line":81,"column":4},"end":{"line":81,"column":62}},"24":{"start":{"line":81,"column":15},"end":{"line":81,"column":62}},"25":{"start":{"line":82,"column":4},"end":{"line":82,"column":16}},"26":{"start":{"line":84,"column":23},"end":{"line":88,"column":3}},"27":{"start":{"line":85,"column":17},"end":{"line":85,"column":36}},"28":{"start":{"line":86,"column":4},"end":{"line":86,"column":84}},"29":{"start":{"line":86,"column":31},"end":{"line":86,"column":84}},"30":{"start":{"line":87,"column":4},"end":{"line":87,"column":16}},"31":{"start":{"line":89,"column":24},"end":{"line":93,"column":3}},"32":{"start":{"line":90,"column":17},"end":{"line":90,"column":36}},"33":{"start":{"line":91,"column":4},"end":{"line":91,"column":83}},"34":{"start":{"line":91,"column":32},"end":{"line":91,"column":83}},"35":{"start":{"line":92,"column":4},"end":{"line":92,"column":16}},"36":{"start":{"line":94,"column":19},"end":{"line":98,"column":3}},"37":{"start":{"line":95,"column":21},"end":{"line":95,"column":78}},"38":{"start":{"line":95,"column":50},"end":{"line":95,"column":77}},"39":{"start":{"line":96,"column":4},"end":{"line":96,"column":58}},"40":{"start":{"line":96,"column":19},"end":{"line":96,"column":58}},"41":{"start":{"line":97,"column":4},"end":{"line":97,"column":20}},"42":{"start":{"line":99,"column":28},"end":{"line":99,"column":138}},"43":{"start":{"line":99,"column":41},"end":{"line":99,"column":138}},"44":{"start":{"line":99,"column":76},"end":{"line":99,"column":137}},"45":{"start":{"line":100,"column":24},"end":{"line":101,"column":128}},"46":{"start":{"line":101,"column":4},"end":{"line":101,"column":128}},"47":{"start":{"line":101,"column":37},"end":{"line":101,"column":127}},"48":{"start":{"line":102,"column":19},"end":{"line":102,"column":109}},"49":{"start":{"line":102,"column":33},"end":{"line":102,"column":109}},"50":{"start":{"line":103,"column":25},"end":{"line":111,"column":6}},"51":{"start":{"line":104,"column":4},"end":{"line":111,"column":6}},"52":{"start":{"line":105,"column":6},"end":{"line":105,"column":126}},"53":{"start":{"line":105,"column":113},"end":{"line":105,"column":126}},"54":{"start":{"line":106,"column":20},"end":{"line":106,"column":58}},"55":{"start":{"line":107,"column":18},"end":{"line":107,"column":63}},"56":{"start":{"line":108,"column":28},"end":{"line":108,"column":65}},"57":{"start":{"line":109,"column":26},"end":{"line":109,"column":44}},"58":{"start":{"line":110,"column":6},"end":{"line":110,"column":56}},"59":{"start":{"line":114,"column":18},"end":{"line":114,"column":36}},"60":{"start":{"line":115,"column":4},"end":{"line":115,"column":26}},"61":{"start":{"line":116,"column":4},"end":{"line":116,"column":17}},"62":{"start":{"line":120,"column":18},"end":{"line":120,"column":50}},"63":{"start":{"line":121,"column":23},"end":{"line":121,"column":60}},"64":{"start":{"line":122,"column":17},"end":{"line":122,"column":48}},"65":{"start":{"line":123,"column":21},"end":{"line":123,"column":35}},"66":{"start":{"line":124,"column":28},"end":{"line":124,"column":63}},"67":{"start":{"line":125,"column":21},"end":{"line":125,"column":43}},"68":{"start":{"line":126,"column":4},"end":{"line":126,"column":129}},"69":{"start":{"line":126,"column":53},"end":{"line":126,"column":129}},"70":{"start":{"line":127,"column":4},"end":{"line":127,"column":133}},"71":{"start":{"line":127,"column":70},"end":{"line":127,"column":133}},"72":{"start":{"line":128,"column":4},"end":{"line":128,"column":160}},"73":{"start":{"line":128,"column":93},"end":{"line":128,"column":160}},"74":{"start":{"line":129,"column":4},"end":{"line":129,"column":108}},"75":{"start":{"line":129,"column":47},"end":{"line":129,"column":108}},"76":{"start":{"line":130,"column":4},"end":{"line":130,"column":110}},"77":{"start":{"line":134,"column":19},"end":{"line":134,"column":56}},"78":{"start":{"line":135,"column":22},"end":{"line":135,"column":61}},"79":{"start":{"line":136,"column":4},"end":{"line":142,"column":6}},"80":{"start":{"line":146,"column":25},"end":{"line":154,"column":5}},"81":{"start":{"line":155,"column":4},"end":{"line":155,"column":46}},"82":{"start":{"line":156,"column":4},"end":{"line":156,"column":24}},"83":{"start":{"line":160,"column":28},"end":{"line":160,"column":68}},"84":{"start":{"line":161,"column":4},"end":{"line":161,"column":110}},"85":{"start":{"line":161,"column":48},"end":{"line":161,"column":110}},"86":{"start":{"line":162,"column":4},"end":{"line":162,"column":91}},"87":{"start":{"line":162,"column":27},"end":{"line":162,"column":91}},"88":{"start":{"line":163,"column":4},"end":{"line":163,"column":91}},"89":{"start":{"line":163,"column":29},"end":{"line":163,"column":91}},"90":{"start":{"line":164,"column":4},"end":{"line":164,"column":112}},"91":{"start":{"line":164,"column":35},"end":{"line":164,"column":65}},"92":{"start":{"line":164,"column":68},"end":{"line":164,"column":112}},"93":{"start":{"line":165,"column":17},"end":{"line":165,"column":110}},"94":{"start":{"line":166,"column":4},"end":{"line":166,"column":27}},"95":{"start":{"line":167,"column":4},"end":{"line":167,"column":28}},"96":{"start":{"line":171,"column":28},"end":{"line":171,"column":68}},"97":{"start":{"line":172,"column":20},"end":{"line":172,"column":60}},"98":{"start":{"line":173,"column":4},"end":{"line":173,"column":126}},"99":{"start":{"line":173,"column":61},"end":{"line":173,"column":126}},"100":{"start":{"line":174,"column":17},"end":{"line":174,"column":120}},"101":{"start":{"line":174,"column":49},"end":{"line":174,"column":119}},"102":{"start":{"line":175,"column":4},"end":{"line":180,"column":5}},"103":{"start":{"line":176,"column":19},"end":{"line":176,"column":71}},"104":{"start":{"line":177,"column":6},"end":{"line":177,"column":72}},"105":{"start":{"line":177,"column":27},"end":{"line":177,"column":72}},"106":{"start":{"line":178,"column":6},"end":{"line":178,"column":53}},"107":{"start":{"line":179,"column":6},"end":{"line":179,"column":146}},"108":{"start":{"line":181,"column":4},"end":{"line":181,"column":48}},"109":{"start":{"line":182,"column":18},"end":{"line":182,"column":75}},"110":{"start":{"line":183,"column":4},"end":{"line":183,"column":39}},"111":{"start":{"line":184,"column":4},"end":{"line":184,"column":45}},"112":{"start":{"line":188,"column":19},"end":{"line":188,"column":44}},"113":{"start":{"line":189,"column":4},"end":{"line":189,"column":40}},"114":{"start":{"line":193,"column":4},"end":{"line":196,"column":26}},"115":{"start":{"line":194,"column":28},"end":{"line":194,"column":73}},"116":{"start":{"line":195,"column":22},"end":{"line":195,"column":65}},"117":{"start":{"line":200,"column":4},"end":{"line":200,"column":25}},"118":{"start":{"line":201,"column":22},"end":{"line":201,"column":47}},"119":{"start":{"line":202,"column":4},"end":{"line":202,"column":112}},"120":{"start":{"line":202,"column":35},"end":{"line":202,"column":112}},"121":{"start":{"line":203,"column":21},"end":{"line":203,"column":97}},"122":{"start":{"line":204,"column":4},"end":{"line":204,"column":33}},"123":{"start":{"line":205,"column":4},"end":{"line":205,"column":35}},"124":{"start":{"line":209,"column":4},"end":{"line":209,"column":25}},"125":{"start":{"line":210,"column":21},"end":{"line":210,"column":38}},"126":{"start":{"line":211,"column":22},"end":{"line":211,"column":67}},"127":{"start":{"line":212,"column":4},"end":{"line":212,"column":125}},"128":{"start":{"line":212,"column":48},"end":{"line":212,"column":125}},"129":{"start":{"line":213,"column":4},"end":{"line":213,"column":39}},"130":{"start":{"line":214,"column":4},"end":{"line":214,"column":35}},"131":{"start":{"line":218,"column":4},"end":{"line":218,"column":26}},"132":{"start":{"line":219,"column":21},"end":{"line":219,"column":38}},"133":{"start":{"line":220,"column":4},"end":{"line":220,"column":94}},"134":{"start":{"line":220,"column":41},"end":{"line":220,"column":94}},"135":{"start":{"line":221,"column":4},"end":{"line":221,"column":99}},"136":{"start":{"line":221,"column":44},"end":{"line":221,"column":99}},"137":{"start":{"line":222,"column":4},"end":{"line":222,"column":101}},"138":{"start":{"line":222,"column":44},"end":{"line":222,"column":101}},"139":{"start":{"line":223,"column":4},"end":{"line":225,"column":5}},"140":{"start":{"line":224,"column":6},"end":{"line":224,"column":93}},"141":{"start":{"line":226,"column":20},"end":{"line":226,"column":142}},"142":{"start":{"line":227,"column":4},"end":{"line":227,"column":33}},"143":{"start":{"line":228,"column":4},"end":{"line":228,"column":96}},"144":{"start":{"line":229,"column":4},"end":{"line":229,"column":58}},"145":{"start":{"line":233,"column":4},"end":{"line":233,"column":26}},"146":{"start":{"line":234,"column":21},"end":{"line":234,"column":38}},"147":{"start":{"line":235,"column":4},"end":{"line":235,"column":109}},"148":{"start":{"line":235,"column":41},"end":{"line":235,"column":109}},"149":{"start":{"line":236,"column":4},"end":{"line":236,"column":100}},"150":{"start":{"line":236,"column":44},"end":{"line":236,"column":100}},"151":{"start":{"line":237,"column":4},"end":{"line":237,"column":101}},"152":{"start":{"line":237,"column":44},"end":{"line":237,"column":101}},"153":{"start":{"line":238,"column":4},"end":{"line":238,"column":134}},"154":{"start":{"line":238,"column":67},"end":{"line":238,"column":134}},"155":{"start":{"line":239,"column":4},"end":{"line":239,"column":35}},"156":{"start":{"line":240,"column":4},"end":{"line":240,"column":83}},"157":{"start":{"line":241,"column":4},"end":{"line":241,"column":35}},"158":{"start":{"line":245,"column":4},"end":{"line":245,"column":26}},"159":{"start":{"line":246,"column":20},"end":{"line":246,"column":137}},"160":{"start":{"line":246,"column":50},"end":{"line":246,"column":136}},"161":{"start":{"line":247,"column":4},"end":{"line":247,"column":63}},"162":{"start":{"line":247,"column":18},"end":{"line":247,"column":63}},"163":{"start":{"line":248,"column":21},"end":{"line":248,"column":46}},"164":{"start":{"line":249,"column":4},"end":{"line":249,"column":156}},"165":{"start":{"line":249,"column":62},"end":{"line":249,"column":156}},"166":{"start":{"line":250,"column":4},"end":{"line":250,"column":33}},"167":{"start":{"line":251,"column":4},"end":{"line":251,"column":97}},"168":{"start":{"line":252,"column":4},"end":{"line":252,"column":30}},"169":{"start":{"line":253,"column":4},"end":{"line":253,"column":58}},"170":{"start":{"line":257,"column":4},"end":{"line":257,"column":114}},"171":{"start":{"line":257,"column":102},"end":{"line":257,"column":114}},"172":{"start":{"line":258,"column":23},"end":{"line":258,"column":48}},"173":{"start":{"line":259,"column":20},"end":{"line":259,"column":154}},"174":{"start":{"line":260,"column":4},"end":{"line":260,"column":33}},"175":{"start":{"line":261,"column":4},"end":{"line":261,"column":115}},"176":{"start":{"line":262,"column":4},"end":{"line":262,"column":19}},"177":{"start":{"line":266,"column":4},"end":{"line":266,"column":25}},"178":{"start":{"line":267,"column":21},"end":{"line":267,"column":38}},"179":{"start":{"line":268,"column":4},"end":{"line":268,"column":91}},"180":{"start":{"line":268,"column":41},"end":{"line":268,"column":91}},"181":{"start":{"line":269,"column":4},"end":{"line":269,"column":34}},"182":{"start":{"line":270,"column":28},"end":{"line":270,"column":131}},"183":{"start":{"line":270,"column":88},"end":{"line":270,"column":102}},"184":{"start":{"line":271,"column":4},"end":{"line":278,"column":5}},"185":{"start":{"line":272,"column":6},"end":{"line":277,"column":8}},"186":{"start":{"line":279,"column":4},"end":{"line":279,"column":66}},"187":{"start":{"line":283,"column":4},"end":{"line":283,"column":26}},"188":{"start":{"line":284,"column":4},"end":{"line":287,"column":85}},"189":{"start":{"line":285,"column":27},"end":{"line":285,"column":52}},"190":{"start":{"line":286,"column":25},"end":{"line":286,"column":91}},"191":{"start":{"line":287,"column":22},"end":{"line":287,"column":83}},"192":{"start":{"line":291,"column":4},"end":{"line":291,"column":25}},"193":{"start":{"line":292,"column":4},"end":{"line":292,"column":49}},"194":{"start":{"line":292,"column":39},"end":{"line":292,"column":49}},"195":{"start":{"line":293,"column":4},"end":{"line":302,"column":45}},"196":{"start":{"line":294,"column":19},"end":{"line":294,"column":80}},"197":{"start":{"line":294,"column":52},"end":{"line":294,"column":79}},"198":{"start":{"line":295,"column":6},"end":{"line":301,"column":8}},"199":{"start":{"line":300,"column":39},"end":{"line":300,"column":51}},"200":{"start":{"line":302,"column":23},"end":{"line":302,"column":43}},"201":{"start":{"line":306,"column":4},"end":{"line":306,"column":24}},"202":{"start":{"line":307,"column":4},"end":{"line":307,"column":125}},"203":{"start":{"line":307,"column":56},"end":{"line":307,"column":123}},"204":{"start":{"line":311,"column":19},"end":{"line":311,"column":44}},"205":{"start":{"line":312,"column":4},"end":{"line":312,"column":64}},"206":{"start":{"line":312,"column":17},"end":{"line":312,"column":64}},"207":{"start":{"line":313,"column":4},"end":{"line":313,"column":18}},"208":{"start":{"line":316,"column":2},"end":{"line":316,"column":9}},"209":{"start":{"line":318,"column":2},"end":{"line":335,"column":4}}},"fnMap":{"0":{"name":"createSmartGymStore","decl":{"start":{"line":4,"column":16},"end":{"line":4,"column":35}},"loc":{"start":{"line":4,"column":60},"end":{"line":336,"column":1}},"line":4},"1":{"name":"(anonymous_1)","decl":{"start":{"line":4,"column":42},"end":{"line":4,"column":43}},"loc":{"start":{"line":4,"column":48},"end":{"line":4,"column":58}},"line":4},"2":{"name":"(anonymous_2)","decl":{"start":{"line":19,"column":15},"end":{"line":19,"column":16}},"loc":{"start":{"line":19,"column":21},"end":{"line":75,"column":3}},"line":19},"3":{"name":"(anonymous_3)","decl":{"start":{"line":77,"column":21},"end":{"line":77,"column":22}},"loc":{"start":{"line":77,"column":31},"end":{"line":77,"column":109}},"line":77},"4":{"name":"(anonymous_4)","decl":{"start":{"line":78,"column":19},"end":{"line":78,"column":20}},"loc":{"start":{"line":78,"column":27},"end":{"line":78,"column":69}},"line":78},"5":{"name":"(anonymous_5)","decl":{"start":{"line":78,"column":44},"end":{"line":78,"column":45}},"loc":{"start":{"line":78,"column":54},"end":{"line":78,"column":68}},"line":78},"6":{"name":"(anonymous_6)","decl":{"start":{"line":79,"column":22},"end":{"line":79,"column":23}},"loc":{"start":{"line":79,"column":34},"end":{"line":83,"column":3}},"line":79},"7":{"name":"(anonymous_7)","decl":{"start":{"line":84,"column":23},"end":{"line":84,"column":24}},"loc":{"start":{"line":84,"column":35},"end":{"line":88,"column":3}},"line":84},"8":{"name":"(anonymous_8)","decl":{"start":{"line":89,"column":24},"end":{"line":89,"column":25}},"loc":{"start":{"line":89,"column":36},"end":{"line":93,"column":3}},"line":89},"9":{"name":"(anonymous_9)","decl":{"start":{"line":94,"column":19},"end":{"line":94,"column":20}},"loc":{"start":{"line":94,"column":32},"end":{"line":98,"column":3}},"line":94},"10":{"name":"(anonymous_10)","decl":{"start":{"line":95,"column":40},"end":{"line":95,"column":41}},"loc":{"start":{"line":95,"column":50},"end":{"line":95,"column":77}},"line":95},"11":{"name":"(anonymous_11)","decl":{"start":{"line":99,"column":28},"end":{"line":99,"column":29}},"loc":{"start":{"line":99,"column":41},"end":{"line":99,"column":138}},"line":99},"12":{"name":"(anonymous_12)","decl":{"start":{"line":99,"column":63},"end":{"line":99,"column":64}},"loc":{"start":{"line":99,"column":76},"end":{"line":99,"column":137}},"line":99},"13":{"name":"(anonymous_13)","decl":{"start":{"line":100,"column":24},"end":{"line":100,"column":25}},"loc":{"start":{"line":101,"column":4},"end":{"line":101,"column":128}},"line":101},"14":{"name":"(anonymous_14)","decl":{"start":{"line":101,"column":24},"end":{"line":101,"column":25}},"loc":{"start":{"line":101,"column":37},"end":{"line":101,"column":127}},"line":101},"15":{"name":"(anonymous_15)","decl":{"start":{"line":102,"column":19},"end":{"line":102,"column":20}},"loc":{"start":{"line":102,"column":33},"end":{"line":102,"column":109}},"line":102},"16":{"name":"(anonymous_16)","decl":{"start":{"line":103,"column":25},"end":{"line":103,"column":26}},"loc":{"start":{"line":104,"column":4},"end":{"line":111,"column":6}},"line":104},"17":{"name":"(anonymous_17)","decl":{"start":{"line":104,"column":23},"end":{"line":104,"column":24}},"loc":{"start":{"line":104,"column":37},"end":{"line":111,"column":5}},"line":104},"18":{"name":"problem","decl":{"start":{"line":113,"column":11},"end":{"line":113,"column":18}},"loc":{"start":{"line":113,"column":36},"end":{"line":117,"column":3}},"line":113},"19":{"name":"validateClassInput","decl":{"start":{"line":119,"column":11},"end":{"line":119,"column":29}},"loc":{"start":{"line":119,"column":37},"end":{"line":131,"column":3}},"line":119},"20":{"name":"decorateClass","decl":{"start":{"line":133,"column":11},"end":{"line":133,"column":24}},"loc":{"start":{"line":133,"column":35},"end":{"line":143,"column":3}},"line":133},"21":{"name":"notify","decl":{"start":{"line":145,"column":11},"end":{"line":145,"column":17}},"loc":{"start":{"line":145,"column":55},"end":{"line":157,"column":3}},"line":145},"22":{"name":"register","decl":{"start":{"line":159,"column":11},"end":{"line":159,"column":19}},"loc":{"start":{"line":159,"column":64},"end":{"line":168,"column":3}},"line":159},"23":{"name":"(anonymous_23)","decl":{"start":{"line":164,"column":25},"end":{"line":164,"column":26}},"loc":{"start":{"line":164,"column":35},"end":{"line":164,"column":65}},"line":164},"24":{"name":"login","decl":{"start":{"line":170,"column":11},"end":{"line":170,"column":16}},"loc":{"start":{"line":170,"column":38},"end":{"line":185,"column":3}},"line":170},"25":{"name":"(anonymous_25)","decl":{"start":{"line":174,"column":34},"end":{"line":174,"column":35}},"loc":{"start":{"line":174,"column":49},"end":{"line":174,"column":119}},"line":174},"26":{"name":"userFromToken","decl":{"start":{"line":187,"column":11},"end":{"line":187,"column":24}},"loc":{"start":{"line":187,"column":32},"end":{"line":190,"column":3}},"line":187},"27":{"name":"listClasses","decl":{"start":{"line":192,"column":11},"end":{"line":192,"column":22}},"loc":{"start":{"line":192,"column":25},"end":{"line":197,"column":3}},"line":192},"28":{"name":"(anonymous_28)","decl":{"start":{"line":194,"column":14},"end":{"line":194,"column":15}},"loc":{"start":{"line":194,"column":28},"end":{"line":194,"column":73}},"line":194},"29":{"name":"(anonymous_29)","decl":{"start":{"line":195,"column":12},"end":{"line":195,"column":13}},"loc":{"start":{"line":195,"column":22},"end":{"line":195,"column":65}},"line":195},"30":{"name":"createClass","decl":{"start":{"line":199,"column":11},"end":{"line":199,"column":22}},"loc":{"start":{"line":199,"column":38},"end":{"line":206,"column":3}},"line":199},"31":{"name":"updateClass","decl":{"start":{"line":208,"column":11},"end":{"line":208,"column":22}},"loc":{"start":{"line":208,"column":47},"end":{"line":215,"column":3}},"line":208},"32":{"name":"bookClass","decl":{"start":{"line":217,"column":11},"end":{"line":217,"column":20}},"loc":{"start":{"line":217,"column":38},"end":{"line":230,"column":3}},"line":217},"33":{"name":"joinWaitlist","decl":{"start":{"line":232,"column":11},"end":{"line":232,"column":23}},"loc":{"start":{"line":232,"column":41},"end":{"line":242,"column":3}},"line":232},"34":{"name":"cancelReservation","decl":{"start":{"line":244,"column":11},"end":{"line":244,"column":28}},"loc":{"start":{"line":244,"column":48},"end":{"line":254,"column":3}},"line":244},"35":{"name":"(anonymous_35)","decl":{"start":{"line":246,"column":40},"end":{"line":246,"column":41}},"loc":{"start":{"line":246,"column":50},"end":{"line":246,"column":136}},"line":246},"36":{"name":"promoteWaitlist","decl":{"start":{"line":256,"column":11},"end":{"line":256,"column":26}},"loc":{"start":{"line":256,"column":37},"end":{"line":263,"column":3}},"line":256},"37":{"name":"cancelClass","decl":{"start":{"line":265,"column":11},"end":{"line":265,"column":22}},"loc":{"start":{"line":265,"column":77},"end":{"line":280,"column":3}},"line":265},"38":{"name":"(anonymous_38)","decl":{"start":{"line":270,"column":75},"end":{"line":270,"column":76}},"loc":{"start":{"line":270,"column":88},"end":{"line":270,"column":102}},"line":270},"39":{"name":"listMyBookings","decl":{"start":{"line":282,"column":11},"end":{"line":282,"column":25}},"loc":{"start":{"line":282,"column":34},"end":{"line":288,"column":3}},"line":282},"40":{"name":"(anonymous_40)","decl":{"start":{"line":285,"column":14},"end":{"line":285,"column":15}},"loc":{"start":{"line":285,"column":27},"end":{"line":285,"column":52}},"line":285},"41":{"name":"(anonymous_41)","decl":{"start":{"line":286,"column":11},"end":{"line":286,"column":12}},"loc":{"start":{"line":286,"column":25},"end":{"line":286,"column":91}},"line":286},"42":{"name":"(anonymous_42)","decl":{"start":{"line":287,"column":12},"end":{"line":287,"column":13}},"loc":{"start":{"line":287,"column":22},"end":{"line":287,"column":83}},"line":287},"43":{"name":"attendanceReport","decl":{"start":{"line":290,"column":11},"end":{"line":290,"column":27}},"loc":{"start":{"line":290,"column":36},"end":{"line":303,"column":3}},"line":290},"44":{"name":"(anonymous_44)","decl":{"start":{"line":293,"column":29},"end":{"line":293,"column":30}},"loc":{"start":{"line":293,"column":43},"end":{"line":302,"column":5}},"line":293},"45":{"name":"(anonymous_45)","decl":{"start":{"line":294,"column":43},"end":{"line":294,"column":44}},"loc":{"start":{"line":294,"column":52},"end":{"line":294,"column":79}},"line":294},"46":{"name":"(anonymous_46)","decl":{"start":{"line":300,"column":30},"end":{"line":300,"column":31}},"loc":{"start":{"line":300,"column":39},"end":{"line":300,"column":51}},"line":300},"47":{"name":"(anonymous_47)","decl":{"start":{"line":302,"column":14},"end":{"line":302,"column":15}},"loc":{"start":{"line":302,"column":23},"end":{"line":302,"column":43}},"line":302},"48":{"name":"listNotifications","decl":{"start":{"line":305,"column":11},"end":{"line":305,"column":28}},"loc":{"start":{"line":305,"column":37},"end":{"line":308,"column":3}},"line":305},"49":{"name":"(anonymous_49)","decl":{"start":{"line":307,"column":38},"end":{"line":307,"column":39}},"loc":{"start":{"line":307,"column":56},"end":{"line":307,"column":123}},"line":307},"50":{"name":"authUserId","decl":{"start":{"line":310,"column":11},"end":{"line":310,"column":21}},"loc":{"start":{"line":310,"column":29},"end":{"line":314,"column":3}},"line":310}},"branchMap":{"0":{"loc":{"start":{"line":4,"column":36},"end":{"line":4,"column":58}},"type":"default-arg","locations":[{"start":{"line":4,"column":42},"end":{"line":4,"column":58}}],"line":4},"1":{"loc":{"start":{"line":77,"column":31},"end":{"line":77,"column":109}},"type":"binary-expr","locations":[{"start":{"line":77,"column":31},"end":{"line":77,"column":35}},{"start":{"line":77,"column":40},"end":{"line":77,"column":108}}],"line":77},"2":{"loc":{"start":{"line":81,"column":4},"end":{"line":81,"column":62}},"type":"if","locations":[{"start":{"line":81,"column":4},"end":{"line":81,"column":62}},{"start":{},"end":{}}],"line":81},"3":{"loc":{"start":{"line":86,"column":4},"end":{"line":86,"column":84}},"type":"if","locations":[{"start":{"line":86,"column":4},"end":{"line":86,"column":84}},{"start":{},"end":{}}],"line":86},"4":{"loc":{"start":{"line":91,"column":4},"end":{"line":91,"column":83}},"type":"if","locations":[{"start":{"line":91,"column":4},"end":{"line":91,"column":83}},{"start":{},"end":{}}],"line":91},"5":{"loc":{"start":{"line":96,"column":4},"end":{"line":96,"column":58}},"type":"if","locations":[{"start":{"line":96,"column":4},"end":{"line":96,"column":58}},{"start":{},"end":{}}],"line":96},"6":{"loc":{"start":{"line":99,"column":76},"end":{"line":99,"column":137}},"type":"binary-expr","locations":[{"start":{"line":99,"column":76},"end":{"line":99,"column":103}},{"start":{"line":99,"column":107},"end":{"line":99,"column":137}}],"line":99},"7":{"loc":{"start":{"line":101,"column":37},"end":{"line":101,"column":127}},"type":"binary-expr","locations":[{"start":{"line":101,"column":37},"end":{"line":101,"column":64}},{"start":{"line":101,"column":68},"end":{"line":101,"column":93}},{"start":{"line":101,"column":97},"end":{"line":101,"column":127}}],"line":101},"8":{"loc":{"start":{"line":103,"column":37},"end":{"line":103,"column":58}},"type":"default-arg","locations":[{"start":{"line":103,"column":54},"end":{"line":103,"column":58}}],"line":103},"9":{"loc":{"start":{"line":105,"column":6},"end":{"line":105,"column":126}},"type":"if","locations":[{"start":{"line":105,"column":6},"end":{"line":105,"column":126}},{"start":{},"end":{}}],"line":105},"10":{"loc":{"start":{"line":105,"column":10},"end":{"line":105,"column":111}},"type":"binary-expr","locations":[{"start":{"line":105,"column":10},"end":{"line":105,"column":40}},{"start":{"line":105,"column":44},"end":{"line":105,"column":75}},{"start":{"line":105,"column":79},"end":{"line":105,"column":111}}],"line":105},"11":{"loc":{"start":{"line":110,"column":13},"end":{"line":110,"column":55}},"type":"binary-expr","locations":[{"start":{"line":110,"column":13},"end":{"line":110,"column":32}},{"start":{"line":110,"column":36},"end":{"line":110,"column":55}}],"line":110},"12":{"loc":{"start":{"line":120,"column":25},"end":{"line":120,"column":42}},"type":"binary-expr","locations":[{"start":{"line":120,"column":25},"end":{"line":120,"column":36}},{"start":{"line":120,"column":40},"end":{"line":120,"column":42}}],"line":120},"13":{"loc":{"start":{"line":121,"column":30},"end":{"line":121,"column":52}},"type":"binary-expr","locations":[{"start":{"line":121,"column":30},"end":{"line":121,"column":46}},{"start":{"line":121,"column":50},"end":{"line":121,"column":52}}],"line":121},"14":{"loc":{"start":{"line":122,"column":24},"end":{"line":122,"column":40}},"type":"binary-expr","locations":[{"start":{"line":122,"column":24},"end":{"line":122,"column":34}},{"start":{"line":122,"column":38},"end":{"line":122,"column":40}}],"line":122},"15":{"loc":{"start":{"line":124,"column":35},"end":{"line":124,"column":62}},"type":"binary-expr","locations":[{"start":{"line":124,"column":35},"end":{"line":124,"column":56}},{"start":{"line":124,"column":60},"end":{"line":124,"column":62}}],"line":124},"16":{"loc":{"start":{"line":126,"column":4},"end":{"line":126,"column":129}},"type":"if","locations":[{"start":{"line":126,"column":4},"end":{"line":126,"column":129}},{"start":{},"end":{}}],"line":126},"17":{"loc":{"start":{"line":126,"column":8},"end":{"line":126,"column":51}},"type":"binary-expr","locations":[{"start":{"line":126,"column":8},"end":{"line":126,"column":14}},{"start":{"line":126,"column":18},"end":{"line":126,"column":29}},{"start":{"line":126,"column":33},"end":{"line":126,"column":38}},{"start":{"line":126,"column":42},"end":{"line":126,"column":51}}],"line":126},"18":{"loc":{"start":{"line":127,"column":4},"end":{"line":127,"column":133}},"type":"if","locations":[{"start":{"line":127,"column":4},"end":{"line":127,"column":133}},{"start":{},"end":{}}],"line":127},"19":{"loc":{"start":{"line":127,"column":8},"end":{"line":127,"column":68}},"type":"binary-expr","locations":[{"start":{"line":127,"column":8},"end":{"line":127,"column":35}},{"start":{"line":127,"column":39},"end":{"line":127,"column":51}},{"start":{"line":127,"column":55},"end":{"line":127,"column":68}}],"line":127},"20":{"loc":{"start":{"line":128,"column":4},"end":{"line":128,"column":160}},"type":"if","locations":[{"start":{"line":128,"column":4},"end":{"line":128,"column":160}},{"start":{},"end":{}}],"line":128},"21":{"loc":{"start":{"line":128,"column":8},"end":{"line":128,"column":91}},"type":"binary-expr","locations":[{"start":{"line":128,"column":8},"end":{"line":128,"column":42}},{"start":{"line":128,"column":46},"end":{"line":128,"column":66}},{"start":{"line":128,"column":70},"end":{"line":128,"column":91}}],"line":128},"22":{"loc":{"start":{"line":129,"column":4},"end":{"line":129,"column":108}},"type":"if","locations":[{"start":{"line":129,"column":4},"end":{"line":129,"column":108}},{"start":{},"end":{}}],"line":129},"23":{"loc":{"start":{"line":141,"column":21},"end":{"line":141,"column":102}},"type":"cond-expr","locations":[{"start":{"line":141,"column":55},"end":{"line":141,"column":66}},{"start":{"line":141,"column":69},"end":{"line":141,"column":102}}],"line":141},"24":{"loc":{"start":{"line":141,"column":69},"end":{"line":141,"column":102}},"type":"cond-expr","locations":[{"start":{"line":141,"column":87},"end":{"line":141,"column":93}},{"start":{"line":141,"column":96},"end":{"line":141,"column":102}}],"line":141},"25":{"loc":{"start":{"line":145,"column":41},"end":{"line":145,"column":53}},"type":"default-arg","locations":[{"start":{"line":145,"column":52},"end":{"line":145,"column":53}}],"line":145},"26":{"loc":{"start":{"line":152,"column":14},"end":{"line":152,"column":46}},"type":"cond-expr","locations":[{"start":{"line":152,"column":29},"end":{"line":152,"column":37}},{"start":{"line":152,"column":40},"end":{"line":152,"column":46}}],"line":152},"27":{"loc":{"start":{"line":159,"column":45},"end":{"line":159,"column":60}},"type":"default-arg","locations":[{"start":{"line":159,"column":52},"end":{"line":159,"column":60}}],"line":159},"28":{"loc":{"start":{"line":160,"column":35},"end":{"line":160,"column":46}},"type":"binary-expr","locations":[{"start":{"line":160,"column":35},"end":{"line":160,"column":40}},{"start":{"line":160,"column":44},"end":{"line":160,"column":46}}],"line":160},"29":{"loc":{"start":{"line":161,"column":4},"end":{"line":161,"column":110}},"type":"if","locations":[{"start":{"line":161,"column":4},"end":{"line":161,"column":110}},{"start":{},"end":{}}],"line":161},"30":{"loc":{"start":{"line":161,"column":8},"end":{"line":161,"column":46}},"type":"binary-expr","locations":[{"start":{"line":161,"column":8},"end":{"line":161,"column":13}},{"start":{"line":161,"column":17},"end":{"line":161,"column":33}},{"start":{"line":161,"column":37},"end":{"line":161,"column":46}}],"line":161},"31":{"loc":{"start":{"line":162,"column":4},"end":{"line":162,"column":91}},"type":"if","locations":[{"start":{"line":162,"column":4},"end":{"line":162,"column":91}},{"start":{},"end":{}}],"line":162},"32":{"loc":{"start":{"line":163,"column":4},"end":{"line":163,"column":91}},"type":"if","locations":[{"start":{"line":163,"column":4},"end":{"line":163,"column":91}},{"start":{},"end":{}}],"line":163},"33":{"loc":{"start":{"line":164,"column":4},"end":{"line":164,"column":112}},"type":"if","locations":[{"start":{"line":164,"column":4},"end":{"line":164,"column":112}},{"start":{},"end":{}}],"line":164},"34":{"loc":{"start":{"line":171,"column":35},"end":{"line":171,"column":46}},"type":"binary-expr","locations":[{"start":{"line":171,"column":35},"end":{"line":171,"column":40}},{"start":{"line":171,"column":44},"end":{"line":171,"column":46}}],"line":171},"35":{"loc":{"start":{"line":173,"column":4},"end":{"line":173,"column":126}},"type":"if","locations":[{"start":{"line":173,"column":4},"end":{"line":173,"column":126}},{"start":{},"end":{}}],"line":173},"36":{"loc":{"start":{"line":173,"column":8},"end":{"line":173,"column":59}},"type":"binary-expr","locations":[{"start":{"line":173,"column":8},"end":{"line":173,"column":28}},{"start":{"line":173,"column":32},"end":{"line":173,"column":59}}],"line":173},"37":{"loc":{"start":{"line":174,"column":49},"end":{"line":174,"column":119}},"type":"binary-expr","locations":[{"start":{"line":174,"column":49},"end":{"line":174,"column":84}},{"start":{"line":174,"column":88},"end":{"line":174,"column":119}}],"line":174},"38":{"loc":{"start":{"line":175,"column":4},"end":{"line":180,"column":5}},"type":"if","locations":[{"start":{"line":175,"column":4},"end":{"line":180,"column":5}},{"start":{},"end":{}}],"line":175},"39":{"loc":{"start":{"line":176,"column":29},"end":{"line":176,"column":48}},"type":"binary-expr","locations":[{"start":{"line":176,"column":29},"end":{"line":176,"column":43}},{"start":{"line":176,"column":47},"end":{"line":176,"column":48}}],"line":176},"40":{"loc":{"start":{"line":177,"column":6},"end":{"line":177,"column":72}},"type":"if","locations":[{"start":{"line":177,"column":6},"end":{"line":177,"column":72}},{"start":{},"end":{}}],"line":177},"41":{"loc":{"start":{"line":179,"column":20},"end":{"line":179,"column":48}},"type":"cond-expr","locations":[{"start":{"line":179,"column":39},"end":{"line":179,"column":42}},{"start":{"line":179,"column":45},"end":{"line":179,"column":48}}],"line":179},"42":{"loc":{"start":{"line":179,"column":50},"end":{"line":179,"column":144}},"type":"cond-expr","locations":[{"start":{"line":179,"column":69},"end":{"line":179,"column":113}},{"start":{"line":179,"column":116},"end":{"line":179,"column":144}}],"line":179},"43":{"loc":{"start":{"line":202,"column":4},"end":{"line":202,"column":112}},"type":"if","locations":[{"start":{"line":202,"column":4},"end":{"line":202,"column":112}},{"start":{},"end":{}}],"line":202},"44":{"loc":{"start":{"line":212,"column":4},"end":{"line":212,"column":125}},"type":"if","locations":[{"start":{"line":212,"column":4},"end":{"line":212,"column":125}},{"start":{},"end":{}}],"line":212},"45":{"loc":{"start":{"line":220,"column":4},"end":{"line":220,"column":94}},"type":"if","locations":[{"start":{"line":220,"column":4},"end":{"line":220,"column":94}},{"start":{},"end":{}}],"line":220},"46":{"loc":{"start":{"line":221,"column":4},"end":{"line":221,"column":99}},"type":"if","locations":[{"start":{"line":221,"column":4},"end":{"line":221,"column":99}},{"start":{},"end":{}}],"line":221},"47":{"loc":{"start":{"line":222,"column":4},"end":{"line":222,"column":101}},"type":"if","locations":[{"start":{"line":222,"column":4},"end":{"line":222,"column":101}},{"start":{},"end":{}}],"line":222},"48":{"loc":{"start":{"line":223,"column":4},"end":{"line":225,"column":5}},"type":"if","locations":[{"start":{"line":223,"column":4},"end":{"line":225,"column":5}},{"start":{},"end":{}}],"line":223},"49":{"loc":{"start":{"line":235,"column":4},"end":{"line":235,"column":109}},"type":"if","locations":[{"start":{"line":235,"column":4},"end":{"line":235,"column":109}},{"start":{},"end":{}}],"line":235},"50":{"loc":{"start":{"line":236,"column":4},"end":{"line":236,"column":100}},"type":"if","locations":[{"start":{"line":236,"column":4},"end":{"line":236,"column":100}},{"start":{},"end":{}}],"line":236},"51":{"loc":{"start":{"line":237,"column":4},"end":{"line":237,"column":101}},"type":"if","locations":[{"start":{"line":237,"column":4},"end":{"line":237,"column":101}},{"start":{},"end":{}}],"line":237},"52":{"loc":{"start":{"line":238,"column":4},"end":{"line":238,"column":134}},"type":"if","locations":[{"start":{"line":238,"column":4},"end":{"line":238,"column":134}},{"start":{},"end":{}}],"line":238},"53":{"loc":{"start":{"line":246,"column":50},"end":{"line":246,"column":136}},"type":"binary-expr","locations":[{"start":{"line":246,"column":50},"end":{"line":246,"column":79}},{"start":{"line":246,"column":83},"end":{"line":246,"column":105}},{"start":{"line":246,"column":109},"end":{"line":246,"column":136}}],"line":246},"54":{"loc":{"start":{"line":247,"column":4},"end":{"line":247,"column":63}},"type":"if","locations":[{"start":{"line":247,"column":4},"end":{"line":247,"column":63}},{"start":{},"end":{}}],"line":247},"55":{"loc":{"start":{"line":249,"column":4},"end":{"line":249,"column":156}},"type":"if","locations":[{"start":{"line":249,"column":4},"end":{"line":249,"column":156}},{"start":{},"end":{}}],"line":249},"56":{"loc":{"start":{"line":257,"column":4},"end":{"line":257,"column":114}},"type":"if","locations":[{"start":{"line":257,"column":4},"end":{"line":257,"column":114}},{"start":{},"end":{}}],"line":257},"57":{"loc":{"start":{"line":257,"column":8},"end":{"line":257,"column":100}},"type":"binary-expr","locations":[{"start":{"line":257,"column":8},"end":{"line":257,"column":66}},{"start":{"line":257,"column":70},"end":{"line":257,"column":100}}],"line":257},"58":{"loc":{"start":{"line":265,"column":40},"end":{"line":265,"column":75}},"type":"default-arg","locations":[{"start":{"line":265,"column":70},"end":{"line":265,"column":75}}],"line":265},"59":{"loc":{"start":{"line":268,"column":4},"end":{"line":268,"column":91}},"type":"if","locations":[{"start":{"line":268,"column":4},"end":{"line":268,"column":91}},{"start":{},"end":{}}],"line":268},"60":{"loc":{"start":{"line":276,"column":8},"end":{"line":276,"column":43}},"type":"cond-expr","locations":[{"start":{"line":276,"column":38},"end":{"line":276,"column":39}},{"start":{"line":276,"column":42},"end":{"line":276,"column":43}}],"line":276},"61":{"loc":{"start":{"line":292,"column":4},"end":{"line":292,"column":49}},"type":"if","locations":[{"start":{"line":292,"column":4},"end":{"line":292,"column":49}},{"start":{},"end":{}}],"line":292},"62":{"loc":{"start":{"line":307,"column":56},"end":{"line":307,"column":123}},"type":"binary-expr","locations":[{"start":{"line":307,"column":56},"end":{"line":307,"column":86}},{"start":{"line":307,"column":90},"end":{"line":307,"column":123}}],"line":307},"63":{"loc":{"start":{"line":312,"column":4},"end":{"line":312,"column":64}},"type":"if","locations":[{"start":{"line":312,"column":4},"end":{"line":312,"column":64}},{"start":{},"end":{}}],"line":312}},"s":{"0":1,"1":1,"2":0,"3":13,"4":13,"5":13,"6":13,"7":13,"8":13,"9":13,"10":13,"11":13,"12":13,"13":13,"14":13,"15":13,"16":13,"17":3,"18":13,"19":23,"20":57,"21":13,"22":21,"23":21,"24":0,"25":21,"26":13,"27":9,"28":9,"29":2,"30":7,"31":13,"32":11,"33":11,"34":0,"35":11,"36":13,"37":12,"38":19,"39":12,"40":0,"41":12,"42":13,"43":23,"44":38,"45":13,"46":8,"47":12,"48":13,"49":1,"50":13,"51":3,"52":8,"53":7,"54":1,"55":1,"56":1,"57":1,"58":1,"59":18,"60":18,"61":18,"62":5,"63":5,"64":5,"65":5,"66":5,"67":5,"68":5,"69":0,"70":5,"71":2,"72":3,"73":0,"74":3,"75":0,"76":3,"77":15,"78":15,"79":15,"80":8,"81":8,"82":8,"83":5,"84":5,"85":0,"86":5,"87":0,"88":5,"89":1,"90":4,"91":13,"92":1,"93":3,"94":3,"95":3,"96":6,"97":6,"98":6,"99":1,"100":5,"101":15,"102":5,"103":5,"104":5,"105":1,"106":5,"107":5,"108":0,"109":0,"110":0,"111":0,"112":0,"113":0,"114":2,"115":6,"116":4,"117":6,"118":5,"119":3,"120":1,"121":2,"122":2,"123":2,"124":0,"125":0,"126":0,"127":0,"128":0,"129":0,"130":0,"131":6,"132":6,"133":6,"134":0,"135":6,"136":1,"137":5,"138":0,"139":5,"140":2,"141":3,"142":3,"143":3,"144":3,"145":2,"146":2,"147":2,"148":0,"149":2,"150":0,"151":2,"152":1,"153":1,"154":0,"155":1,"156":1,"157":1,"158":2,"159":2,"160":2,"161":2,"162":0,"163":2,"164":2,"165":1,"166":1,"167":1,"168":1,"169":1,"170":1,"171":0,"172":1,"173":1,"174":1,"175":1,"176":1,"177":1,"178":1,"179":1,"180":0,"181":1,"182":1,"183":1,"184":1,"185":2,"186":1,"187":1,"188":1,"189":2,"190":1,"191":0,"192":2,"193":1,"194":0,"195":1,"196":3,"197":9,"198":3,"199":3,"200":3,"201":1,"202":1,"203":2,"204":0,"205":0,"206":0,"207":0,"208":13,"209":13},"f":{"0":13,"1":0,"2":13,"3":3,"4":23,"5":57,"6":21,"7":9,"8":11,"9":12,"10":19,"11":23,"12":38,"13":8,"14":12,"15":1,"16":3,"17":8,"18":18,"19":5,"20":15,"21":8,"22":5,"23":13,"24":6,"25":15,"26":0,"27":2,"28":6,"29":4,"30":6,"31":0,"32":6,"33":2,"34":2,"35":2,"36":1,"37":1,"38":1,"39":1,"40":2,"41":1,"42":0,"43":2,"44":3,"45":9,"46":3,"47":3,"48":1,"49":2,"50":0},"b":{"0":[0],"1":[3,3],"2":[0,21],"3":[2,7],"4":[0,11],"5":[0,12],"6":[38,21],"7":[12,7,1],"8":[3],"9":[7,1],"10":[8,8,8],"11":[1,1],"12":[5,0],"13":[5,0],"14":[5,0],"15":[5,0],"16":[0,5],"17":[5,5,5,5],"18":[2,3],"19":[5,5,4],"20":[0,3],"21":[3,3,3],"22":[0,3],"23":[1,14],"24":[7,7],"25":[6],"26":[2,6],"27":[5],"28":[5,0],"29":[0,5],"30":[5,5,5],"31":[0,5],"32":[1,4],"33":[1,3],"34":[6,0],"35":[1,5],"36":[6,1],"37":[15,5],"38":[5,0],"39":[5,1],"40":[1,4],"41":[1,4],"42":[1,4],"43":[1,2],"44":[0,0],"45":[0,6],"46":[1,5],"47":[0,5],"48":[2,3],"49":[0,2],"50":[0,2],"51":[1,1],"52":[0,1],"53":[2,2,2],"54":[0,2],"55":[1,1],"56":[0,1],"57":[1,1],"58":[0],"59":[0,1],"60":[2,0],"61":[0,1],"62":[2,2],"63":[0,0]},"inputSourceMap":null,"_coverageSchema":"1a1c01bbd47fc00a2c39e90264f33305004495a9","hash":"7c3b66f20883551aa1e097f84b9083fa917a9a10"}
}
