TN:
SF:src\smartGymCore.mjs
FN:4,createSmartGymStore
FN:4,(anonymous_1)
FN:19,(anonymous_2)
FN:77,(anonymous_3)
FN:78,(anonymous_4)
FN:78,(anonymous_5)
FN:79,(anonymous_6)
FN:84,(anonymous_7)
FN:89,(anonymous_8)
FN:94,(anonymous_9)
FN:95,(anonymous_10)
FN:99,(anonymous_11)
FN:99,(anonymous_12)
FN:100,(anonymous_13)
FN:101,(anonymous_14)
FN:102,(anonymous_15)
FN:103,(anonymous_16)
FN:104,(anonymous_17)
FN:113,problem
FN:119,validateClassInput
FN:133,decorateClass
FN:145,notify
FN:159,register
FN:164,(anonymous_23)
FN:170,login
FN:174,(anonymous_25)
FN:187,userFromToken
FN:192,listClasses
FN:194,(anonymous_28)
FN:195,(anonymous_29)
FN:199,createClass
FN:208,updateClass
FN:217,bookClass
FN:232,joinWaitlist
FN:244,cancelReservation
FN:246,(anonymous_35)
FN:256,promoteWaitlist
FN:265,cancelClass
FN:270,(anonymous_38)
FN:282,listMyBookings
FN:285,(anonymous_40)
FN:286,(anonymous_41)
FN:287,(anonymous_42)
FN:290,attendanceReport
FN:293,(anonymous_44)
FN:294,(anonymous_45)
FN:300,(anonymous_46)
FN:302,(anonymous_47)
FN:305,listNotifications
FN:307,(anonymous_49)
FN:310,authUserId
FNF:51
FNH:46
FNDA:13,createSmartGymStore
FNDA:0,(anonymous_1)
FNDA:13,(anonymous_2)
FNDA:3,(anonymous_3)
FNDA:23,(anonymous_4)
FNDA:57,(anonymous_5)
FNDA:21,(anonymous_6)
FNDA:9,(anonymous_7)
FNDA:11,(anonymous_8)
FNDA:12,(anonymous_9)
FNDA:19,(anonymous_10)
FNDA:23,(anonymous_11)
FNDA:38,(anonymous_12)
FNDA:8,(anonymous_13)
FNDA:12,(anonymous_14)
FNDA:1,(anonymous_15)
FNDA:3,(anonymous_16)
FNDA:8,(anonymous_17)
FNDA:18,problem
FNDA:5,validateClassInput
FNDA:15,decorateClass
FNDA:8,notify
FNDA:5,register
FNDA:13,(anonymous_23)
FNDA:6,login
FNDA:15,(anonymous_25)
FNDA:0,userFromToken
FNDA:2,listClasses
FNDA:6,(anonymous_28)
FNDA:4,(anonymous_29)
FNDA:6,createClass
FNDA:0,updateClass
FNDA:6,bookClass
FNDA:2,joinWaitlist
FNDA:2,cancelReservation
FNDA:2,(anonymous_35)
FNDA:1,promoteWaitlist
FNDA:1,cancelClass
FNDA:1,(anonymous_38)
FNDA:1,listMyBookings
FNDA:2,(anonymous_40)
FNDA:1,(anonymous_41)
FNDA:0,(anonymous_42)
FNDA:2,attendanceReport
FNDA:3,(anonymous_44)
FNDA:9,(anonymous_45)
FNDA:3,(anonymous_46)
FNDA:3,(anonymous_47)
FNDA:1,listNotifications
FNDA:2,(anonymous_49)
FNDA:0,authUserId
DA:1,1
DA:2,1
DA:4,0
DA:5,13
DA:19,13
DA:20,13
DA:25,13
DA:60,13
DA:63,13
DA:68,13
DA:69,13
DA:70,13
DA:71,13
DA:72,13
DA:73,13
DA:74,13
DA:77,13
DA:78,57
DA:79,13
DA:80,21
DA:81,21
DA:82,21
DA:84,13
DA:85,9
DA:86,9
DA:87,7
DA:89,13
DA:90,11
DA:91,11
DA:92,11
DA:94,13
DA:95,19
DA:96,12
DA:97,12
DA:99,38
DA:100,13
DA:101,12
DA:102,13
DA:103,13
DA:104,3
DA:105,8
DA:106,1
DA:107,1
DA:108,1
DA:109,1
DA:110,1
DA:114,18
DA:115,18
DA:116,18
DA:120,5
DA:121,5
DA:122,5
DA:123,5
DA:124,5
DA:125,5
DA:126,5
DA:127,5
DA:128,3
DA:129,3
DA:130,3
DA:134,15
DA:135,15
DA:136,15
DA:146,8
DA:155,8
DA:156,8
DA:160,5
DA:161,5
DA:162,5
DA:163,5
DA:164,13
DA:165,3
DA:166,3
DA:167,3
DA:171,6
DA:172,6
DA:173,6
DA:174,15
DA:175,5
DA:176,5
DA:177,5
DA:178,5
DA:179,5
DA:181,0
DA:182,0
DA:183,0
DA:184,0
DA:188,0
DA:189,0
DA:193,2
DA:194,6
DA:195,4
DA:200,6
DA:201,5
DA:202,3
DA:203,2
DA:204,2
DA:205,2
DA:209,0
DA:210,0
DA:211,0
DA:212,0
DA:213,0
DA:214,0
DA:218,6
DA:219,6
DA:220,6
DA:221,6
DA:222,5
DA:223,5
DA:224,2
DA:226,3
DA:227,3
DA:228,3
DA:229,3
DA:233,2
DA:234,2
DA:235,2
DA:236,2
DA:237,2
DA:238,1
DA:239,1
DA:240,1
DA:241,1
DA:245,2
DA:246,2
DA:247,2
DA:248,2
DA:249,2
DA:250,1
DA:251,1
DA:252,1
DA:253,1
DA:257,1
DA:258,1
DA:259,1
DA:260,1
DA:261,1
DA:262,1
DA:266,1
DA:267,1
DA:268,1
DA:269,1
DA:270,1
DA:271,1
DA:272,2
DA:279,1
DA:283,1
DA:284,1
DA:285,2
DA:286,1
DA:287,0
DA:291,2
DA:292,1
DA:293,1
DA:294,9
DA:295,3
DA:300,3
DA:302,3
DA:306,1
DA:307,2
DA:311,0
DA:312,0
DA:313,0
DA:316,13
DA:318,13
LF:166
LH:149
BRDA:4,0,0,0
BRDA:77,1,0,3
BRDA:77,1,1,3
BRDA:81,2,0,0
BRDA:81,2,1,21
BRDA:86,3,0,2
BRDA:86,3,1,7
BRDA:91,4,0,0
BRDA:91,4,1,11
BRDA:96,5,0,0
BRDA:96,5,1,12
BRDA:99,6,0,38
BRDA:99,6,1,21
BRDA:101,7,0,12
BRDA:101,7,1,7
BRDA:101,7,2,1
BRDA:103,8,0,3
BRDA:105,9,0,7
BRDA:105,9,1,1
BRDA:105,10,0,8
BRDA:105,10,1,8
BRDA:105,10,2,8
BRDA:110,11,0,1
BRDA:110,11,1,1
BRDA:120,12,0,5
BRDA:120,12,1,0
BRDA:121,13,0,5
BRDA:121,13,1,0
BRDA:122,14,0,5
BRDA:122,14,1,0
BRDA:124,15,0,5
BRDA:124,15,1,0
BRDA:126,16,0,0
BRDA:126,16,1,5
BRDA:126,17,0,5
BRDA:126,17,1,5
BRDA:126,17,2,5
BRDA:126,17,3,5
BRDA:127,18,0,2
BRDA:127,18,1,3
BRDA:127,19,0,5
BRDA:127,19,1,5
BRDA:127,19,2,4
BRDA:128,20,0,0
BRDA:128,20,1,3
BRDA:128,21,0,3
BRDA:128,21,1,3
BRDA:128,21,2,3
BRDA:129,22,0,0
BRDA:129,22,1,3
BRDA:141,23,0,1
BRDA:141,23,1,14
BRDA:141,24,0,7
BRDA:141,24,1,7
BRDA:145,25,0,6
BRDA:152,26,0,2
BRDA:152,26,1,6
BRDA:159,27,0,5
BRDA:160,28,0,5
BRDA:160,28,1,0
BRDA:161,29,0,0
BRDA:161,29,1,5
BRDA:161,30,0,5
BRDA:161,30,1,5
BRDA:161,30,2,5
BRDA:162,31,0,0
BRDA:162,31,1,5
BRDA:163,32,0,1
BRDA:163,32,1,4
BRDA:164,33,0,1
BRDA:164,33,1,3
BRDA:171,34,0,6
BRDA:171,34,1,0
BRDA:173,35,0,1
BRDA:173,35,1,5
BRDA:173,36,0,6
BRDA:173,36,1,1
BRDA:174,37,0,15
BRDA:174,37,1,5
BRDA:175,38,0,5
BRDA:175,38,1,0
BRDA:176,39,0,5
BRDA:176,39,1,1
BRDA:177,40,0,1
BRDA:177,40,1,4
BRDA:179,41,0,1
BRDA:179,41,1,4
BRDA:179,42,0,1
BRDA:179,42,1,4
BRDA:202,43,0,1
BRDA:202,43,1,2
BRDA:212,44,0,0
BRDA:212,44,1,0
BRDA:220,45,0,0
BRDA:220,45,1,6
BRDA:221,46,0,1
BRDA:221,46,1,5
BRDA:222,47,0,0
BRDA:222,47,1,5
BRDA:223,48,0,2
BRDA:223,48,1,3
BRDA:235,49,0,0
BRDA:235,49,1,2
BRDA:236,50,0,0
BRDA:236,50,1,2
BRDA:237,51,0,1
BRDA:237,51,1,1
BRDA:238,52,0,0
BRDA:238,52,1,1
BRDA:246,53,0,2
BRDA:246,53,1,2
BRDA:246,53,2,2
BRDA:247,54,0,0
BRDA:247,54,1,2
BRDA:249,55,0,1
BRDA:249,55,1,1
BRDA:257,56,0,0
BRDA:257,56,1,1
BRDA:257,57,0,1
BRDA:257,57,1,1
BRDA:265,58,0,0
BRDA:268,59,0,0
BRDA:268,59,1,1
BRDA:276,60,0,2
BRDA:276,60,1,0
BRDA:292,61,0,0
BRDA:292,61,1,1
BRDA:307,62,0,2
BRDA:307,62,1,2
BRDA:312,63,0,0
BRDA:312,63,1,0
BRF:131
BRH:100
end_of_record
